Arguments: 
  C:\Program Files\nodejs\node.exe C:\Program Files (x86)\Yarn\bin\yarn.js install

PATH: 
  C:\Program Files\Git\mingw64\bin;C:\Program Files\Git\usr\bin;C:\Users\Hazbie\bin;C:\Python27;C:\Python27\Scripts;C:\WINDOWS\system32;C:\WINDOWS;C:\WINDOWS\System32\Wbem;C:\WINDOWS\System32\WindowsPowerShell\v1.0;C:\WINDOWS\System32\OpenSSH;C:\Program Files (x86)\ATI Technologies\ATI.ACE\Core-Static;C:\ProgramData\chocolatey\bin;C:\Program Files\Git\cmd;C:\Program Files (x86)\Yarn\bin;C:\Program Files\nodejs;C:\Users\Hazbie\AppData\Local\Microsoft\WindowsApps;C:\Users\Hazbie\AppData\Local\Programs\Microsoft VS Code\bin;C:\Users\Hazbie\AppData\Local\GitHubDesktop\bin;C:\Users\Hazbie\AppData\Local\Yarn\bin;C:\Users\Hazbie\AppData\Roaming\npm;C:\Program Files\heroku\bin

Yarn version: 
  1.19.1

Node version: 
  12.13.1

Platform: 
  win32 x64

Trace: 
  Error: ENOENT: no such file or directory, copyfile 'C:\Users\Hazbie\AppData\Local\Yarn\Cache\v6\npm-google-map-react-1.1.6-76bfe71bd337f67fc955725567544f4b96574fad-integrity\node_modules\google-map-react\.github\ISSUE_TEMPLATE\BUG_REPORT.md' -> 'C:\Users\Hazbie\Desktop\my-new-app - Copy\node_modules\google-map-react\.github\ISSUE_TEMPLATE\BUG_REPORT.md'

npm manifest: 
  {
    "name": "my-new-app",
    "version": "0.1.0",
    "private": true,
    "dependencies": {
      "@date-io/date-fns": "^1.3.13",
      "@google-cloud/translate": "^5.1.5",
      "@material-ui/core": "^4.8.0",
      "@material-ui/icons": "^4.5.1",
      "@material-ui/lab": "^4.0.0-alpha.38",
      "@material-ui/pickers": "^3.2.8",
      "@react-google-maps/api": "^1.8.2",
      "@testing-library/jest-dom": "^4.2.4",
      "@testing-library/react": "^9.3.2",
      "@testing-library/user-event": "^7.1.2",
      "apollo-server-express": "^2.9.16",
      "axios": "^0.19.2",
      "date-fns": "^2.8.1",
      "express": "^4.17.1",
      "express-graphql": "^0.9.0",
      "firebase": "^7.6.1",
      "google-map-react": "^1.1.5",
      "google-maps-react": "^2.0.2",
      "google-translate": "^3.0.0",
      "google-translate-api": "^2.3.0",
      "graphql": "^14.6.0",
      "i18next": "^19.1.0",
      "i18next-browser-languagedetector": "^4.0.1",
      "i18next-xhr-backend": "^3.2.2",
      "lodash": "^4.17.15",
      "mapbox-gl": "^1.6.1",
      "netlify": "^3.0.0",
      "node-sass": "^4.13.1",
      "react": "^16.12.0",
      "react-cookies": "^0.1.1",
      "react-copyright": "0.0.1",
      "react-dom": "^16.12.0",
      "react-google-maps": "^9.4.5",
      "react-i18next": "^11.3.1",
      "react-intl": "^3.12.0",
      "react-native-rate": "^1.1.10",
      "react-rating": "^2.0.4",
      "react-realtime": "^1.2.0",
      "react-redux": "^7.1.3",
      "react-router-dom": "^5.1.2",
      "react-scripts": "3.3.0",
      "react-stripe-checkout": "^2.6.3",
      "react-table": "^7.0.0-rc.15",
      "recompose": "^0.30.0",
      "redux": "^4.0.5",
      "redux-logger": "^3.0.6",
      "reselect": "^4.0.0",
      "tachyons": "^4.11.1",
      "yarn-install": "^1.0.0"
    },
    "scripts": {
      "start": "react-scripts start",
      "build": "react-scripts build",
      "test": "react-scripts test",
      "eject": "react-scripts eject"
    },
    "eslintConfig": {
      "extends": "react-app"
    },
    "browserslist": {
      "production": [
        ">0.2%",
        "not dead",
        "not op_mini all"
      ],
      "development": [
        "last 1 chrome version",
        "last 1 firefox version",
        "last 1 safari version"
      ]
    },
    "description": "This project was bootstrapped with [Create React App](https://github.com/facebook/create-react-app).",
    "main": "index.js",
    "devDependencies": {},
    "repository": {
      "type": "git",
      "url": "git+https://github.com/hazbie-dalipaj/AirLine.git"
    },
    "author": "",
    "license": "ISC",
    "bugs": {
      "url": "https://github.com/hazbie-dalipaj/AirLine/issues"
    },
    "homepage": "https://github.com/hazbie-dalipaj/AirLine#readme"
  }

yarn manifest: 
  No manifest

Lockfile: 
  No lockfile
